<?xml version="1.0" encoding="UTF-8"?>
<!-- Generated by org.testng.reporters.JUnitReportReporter -->
<testsuite hostname="Vaibhav-HP" failures="0" tests="1" name="practiceTest.AdditionTest" time="0.010" errors="0" timestamp="2024-08-17T16:13:55 IST" skipped="0">
  <testcase classname="practiceTest.AdditionTest" name="test" time="0.010"/>
</testsuite> <!-- practiceTest.AdditionTest -->
